\BOOKMARK [1][-]{section.1}{Introduction}{}% 1
\BOOKMARK [1][-]{section.2}{The economy of robots}{}% 2
\BOOKMARK [1][-]{section.3}{The idea of a cyber physical system}{}% 3
\BOOKMARK [1][-]{section.4}{Liability of the machine}{}% 4
\BOOKMARK [1][-]{section.5}{Robonomics platform}{}% 5
\BOOKMARK [2][-]{subsection.5.1}{Ethereum Blockchain transactions and liability contracts}{section.5}% 6
\BOOKMARK [3][-]{subsubsection.5.1.1}{The contracts factory}{subsection.5.1}% 7
\BOOKMARK [3][-]{subsubsection.5.1.2}{Lightweight contracts}{subsection.5.1}% 8
\BOOKMARK [3][-]{subsubsection.5.1.3}{Creating a contract based on deferred signatures}{subsection.5.1}% 9
\BOOKMARK [2][-]{subsection.5.2}{Providers and Lighthouses}{section.5}% 10
\BOOKMARK [2][-]{subsection.5.3}{Robonomics program}{section.5}% 11
\BOOKMARK [2][-]{subsection.5.4}{Robonomics agent’s operating system}{section.5}% 12
\BOOKMARK [3][-]{subsubsection.5.4.1}{Applicative configuration and OS generations}{subsection.5.4}% 13
\BOOKMARK [3][-]{subsubsection.5.4.2}{The execution of programs described in smart contracts}{subsection.5.4}% 14
\BOOKMARK [2][-]{subsection.5.5}{Observing network}{section.5}% 15
\BOOKMARK [3][-]{subsubsection.5.5.1}{The work algorithm of the observer’s contract}{subsection.5.5}% 16
\BOOKMARK [1][-]{section.6}{Robonomics Token, XRT}{}% 17
\BOOKMARK [2][-]{subsection.6.1}{Emission for execution of the Robonomics program in the Ethereum computer}{section.6}% 18
\BOOKMARK [3][-]{subsubsection.6.1.1}{TGE and the Dutch auction}{subsection.6.1}% 19
\BOOKMARK [3][-]{subsubsection.6.1.2}{Development}{subsection.6.1}% 20
\BOOKMARK [3][-]{subsubsection.6.1.3}{Further emission}{subsection.6.1}% 21
\BOOKMARK [2][-]{subsection.6.2}{Commission for launching the Robonomics program in the Ethereum infrastructure}{section.6}% 22
\BOOKMARK [2][-]{subsection.6.3}{XRT token’s additional tasks}{section.6}% 23
\BOOKMARK [3][-]{subsubsection.6.3.1}{User commission enables observing networks existence}{subsection.6.3}% 24
\BOOKMARK [3][-]{subsubsection.6.3.2}{XRT accumulated on the lighthouses’ accounts as the trust mechanism of Robonomics}{subsection.6.3}% 25
\BOOKMARK [3][-]{subsubsection.6.3.3}{XRT as the quantitative reflection of network’s capital}{subsection.6.3}% 26
\BOOKMARK [3][-]{subsubsection.6.3.4}{Cybernetics market}{subsection.6.3}% 27
\BOOKMARK [3][-]{subsubsection.6.3.5}{Conclusions about the movement of XRT in Robonomics network}{subsection.6.3}% 28
\BOOKMARK [3][-]{subsubsection.6.3.6}{Denomination }{subsection.6.3}% 29
\BOOKMARK [1][-]{section.7}{Description of Robonomics work}{}% 30
\BOOKMARK [2][-]{subsection.7.1}{Proposal of a new behavioral model by an engineer}{section.7}% 31
\BOOKMARK [2][-]{subsection.7.2}{Start of work of the Robonomics network provider}{section.7}% 32
\BOOKMARK [2][-]{subsection.7.3}{Start of the cyber physical system work as a service}{section.7}% 33
\BOOKMARK [2][-]{subsection.7.4}{The appearance of the user in the Robonomics network}{section.7}% 34
\BOOKMARK [2][-]{subsection.7.5}{Creation of the liability to perform a service by the cyber physical system}{section.7}% 35
\BOOKMARK [2][-]{subsection.7.6}{Liability execution by the cyber physical system}{section.7}% 36
\BOOKMARK [1][-]{section.8}{Robonomics platform applications}{}% 37
\BOOKMARK [2][-]{subsection.8.1}{Building trust to the production of smart cities and smart factories}{section.8}% 38
\BOOKMARK [2][-]{subsection.8.2}{Smart factory launch by the user}{section.8}% 39
\BOOKMARK [2][-]{subsection.8.3}{Managing the economy of robots with the help of capital}{section.8}% 40
\BOOKMARK [3][-]{subsubsection.8.3.1}{Reference implementation}{subsection.8.3}% 41
\BOOKMARK [2][-]{subsection.8.4}{Tokenized values based on the robot’s labour}{section.8}% 42
\BOOKMARK [1][-]{section.9}{Scalability}{}% 43
\BOOKMARK [1][-]{section.10}{Robonomics segment in Ethereum}{}% 44
\BOOKMARK [1][-]{section.11}{Conclusion}{}% 45
